0000000        ffffffff        ffffffff        ffffffff        ffffffff
        377 377 377 377 377 377 377 377 377 377 377 377 377 377 377 377
*
0000400
bœlœl`ü‚nœø

 Started ....
299 | static void Actor::setup():149 	|  CborQueue 3FFF1E14:0 
300 | Tcp::Tcp():19 	| this : 3FFF233C 
300 | TcpClient::TcpClient(const char*, uint16_t):469 	| ctor : 3FFF233C 
306 | virtual void Actor::onReceive(Header, Cbor&):193 	|  Default handler event ? Dummy => INIT => Dummy
316 | virtual void MqttPublisher::onReceive(Header, Cbor&):295 	| DISCONNECTED
321 | void DWM1000_Anchor::init():198 	| HSPI
325 | void DWM1000_Anchor::init():201 	|  IRQ pin : 0 
330 | void DWM1000_Anchor::initSpi():188 	| Init SPI 
355 | void DWM1000_Anchor::enableIsr():180 	|  IRQ SET 
356 | void DWM1000_Anchor::init():210 	|  device id : FFFFFFFF, part id :0, lot_id :0
357 | void DWM1000_Anchor::init():216 	|  Assertion failed eui == 0xF1F2F3F4F5F6F7F

Soft WDT reset

ctx: cont 
sp: 3fff09f0 end: 3fff0c90 offset: 01b0

>>>stack>>>
3fff0ba0:  3ffe8778 3ffe8bee 3fff10bc 402048da  
3fff0bb0:  ffffffff ffffffff 3fff10bc 402099a9  
3fff0bc0:  00000000 00000000 ffffffff 3fff0bd0  
3fff0bd0:  3fff337c 00000016 3fff2f34 0000000b  
3fff0be0:  00000000 00000000 3fff32f4 402050dc  
3fff0bf0:  00000000 3fff101c 00000000 00000000  
3fff0c00:  000000ff 3f000000 3fff227c 00000009  
3fff0c10:  3fff0fc4 3fff101c 3ffefc58 4020737a  
3fff0c20:  000000ff 3ffe8718 3fff334c 3fff0d9e  
3fff0c30:  3fff0d9d 3fff0d9a 3fff0d9b 40202be7  
3fff0c40:  00000000 00000000 feefeffe feefeffe  
3fff0c50:  3fff334c feefeffe feefeffe 3ffefc60  
3fff0c60:  3fffdad0 00000000 3ffefc58 40202c04  
3fff0c70:  3fffdad0 00000000 3ffefc58 402027c4  
3fff0c80:  feefeffe feefeffe 3ffefc70 40100114  
<<<stack<<<

 ets Jan  8 2013,rst cause:2, boot mode:(3,6)

load 0x4010f000, len 1384, room 16 
tail 8
chksum 0x2d
csum 0x2d
v00000000
~ld
ø

 Started ....
319 | static void Actor::setup():149 	|  CborQueue 3FFF1E14:0 
320 | Tcp::Tcp():19 	| this : 3FFF233C 
320 | TcpClient::TcpClient(const char*, uint16_t):469 	| ctor : 3FFF233C 
326 | virtual void Actor::onReceive(Header, Cbor&):193 	|  Default handler event ? Dummy => INIT => Dummy
336 | virtual void MqttPublisher::onReceive(Header, Cbor&):295 	| DISCONNECTED
341 | void DWM1000_Anchor::init():198 	| HSPI
345 | void DWM1000_Anchor::init():201 	|  IRQ pin : 0 
350 | void DWM1000_Anchor::initSpi():188 	| Init SPI 
375 | void DWM1000_Anchor::enableIsr():180 	|  IRQ SET 
376 | void DWM1000_Anchor::init():210 	|  device id : FFFFFFFF, part id :0, lot_id :0
377 | void DWM1000_Anchor::init():216 	|  Assertion failed eui == 0xF1F2F3F4F5F6F7F

Soft WDT reset

ctx: cont 
sp: 3fff09f0 end: 3fff0c90 offset: 01b0

>>>stack>>>
3fff0ba0:  3ffe8778 3ffe8bee 3fff10bc 402048da  
3fff0bb0:  ffffffff ffffffff 3fff10bc 402099a9  
3fff0bc0:  00000000 00000000 ffffffff 3fff0bd0  
3fff0bd0:  3fff337c 00000016 3fff2f34 0000000b  
3fff0be0:  00000000 00000000 3fff32f4 402050dc  
3fff0bf0:  00000000 3fff101c 00000000 00000000  
3fff0c00:  000000ff 3f000000 3fff227c 00000009  
3fff0c10:  3fff0fc4 3fff101c 3ffefc58 4020737a  
3fff0c20:  000000ff 3ffe8718 3fff334c 3fff0d9e  
3fff0c30:  3fff0d9d 3fff0d9a 3fff0d9b 40202be7  
3fff0c40:  00000000 00000000 feefeffe feefeffe  
3fff0c50:  3fff334c feefeffe feefeffe 3ffefc60  
3fff0c60:  3fffdad0 00000000 3ffefc58 40202c04  
3fff0c70:  3fffdad0 00000000 3ffefc58 402027c4  
3fff0c80:  feefeffe feefeffe 3ffefc70 40100114  
<<<stack<<<

 ets Jan  8 2013,rst cause:2, boot mode:(3,6)

load 0x4010f000, len 1384, room 16 
tail 8
chksum 0x2d
csum 0x2d
v00000000
~ld
ø

 Started ....
300 | static void Actor::setup():149 	|  CborQueue 3FFF1E14:0 
300 | Tcp::Tcp():19 	| this : 3FFF233C 
300 | TcpClient::TcpClient(const char*, uint16_t):469 	| ctor : 3FFF233C 
307 | virtual void Actor::onReceive(Header, Cbor&):193 	|  Default handler event ? Dummy => INIT => Dummy
316 | virtual void MqttPublisher::onReceive(Header, Cbor&):295 	| DISCONNECTED
322 | void DWM1000_Anchor::init():198 	| HSPI
326 | void DWM1000_Anchor::init():201 	|  IRQ pin : 0 
331 | void DWM1000_Anchor::initSpi():188 	| Init SPI 
356 | void DWM1000_Anchor::enableIsr():180 	|  IRQ SET 
356 | void DWM1000_Anchor::init():210 	|  device id : FFFFFFFF, part id :0, lot_id :0
358 | void DWM1000_Anchor::init():216 	|  Assertion failed eui == 0xF1F2F3F4F5F6F7F

Soft WDT reset

ctx: cont 
sp: 3fff09f0 end: 3fff0c90 offset: 01b0

>>>stack>>>
3fff0ba0:  3ffe8778 3ffe8bee 3fff10bc 402048da  
3fff0bb0:  ffffffff ffffffff 3fff10bc 402099a9  
3fff0bc0:  00000000 00000000 ffffffff 3fff0bd0  
3fff0bd0:  3fff337c 00000016 3fff2f34 0000000b  
3fff0be0:  00000000 00000000 3fff32f4 402050dc  
3fff0bf0:  00000000 3fff101c 00000000 00000000  
3fff0c00:  000000ff 3f000000 3fff227c 00000009  
3fff0c10:  3fff0fc4 3fff101c 3ffefc58 4020737a  
3fff0c20:  000000ff 3ffe8718 3fff334c 3fff0d9e  
3fff0c30:  3fff0d9d 3fff0d9a 3fff0d9b 40202be7  
3fff0c40:  00000000 00000000 feefeffe feefeffe  
3fff0c50:  3fff334c feefeffe feefeffe 3ffefc60  
3fff0c60:  3fffdad0 00000000 3ffefc58 40202c04  
3fff0c70:  3fffdad0 00000000 3ffefc58 402027c4  
3fff0c80:  feefeffe feefeffe 3ffefc70 40100114  
<<<stack<<<

 ets Jan  8 2013,rst cause:2, boot mode:(3,6)

load 0x4010f000, len 1384, room 16 
tail 8
chksum 0x2d
csum 0x2d
v00000000
~ld
ø

 Started ....
313 | static void Actor::setup():149 	|  CborQueue 3FFF1E14:0 
313 | Tcp::Tcp():19 	| this : 3FFF233C 
313 | TcpClient::TcpClient(const char*, uint16_t):469 	| ctor : 3FFF233C 
319 | virtual void Actor::onReceive(Header, Cbor&):193 	|  Default handler event ? Dummy => INIT => Dummy
329 | virtual void MqttPublisher::onReceive(Header, Cbor&):295 	| DISCONNECTED
335 | void DWM1000_Anchor::init():198 	| HSPI
339 | void DWM1000_Anchor::init():201 	|  IRQ pin : 0 
344 | void DWM1000_Anchor::initSpi():188 	| Init SPI 
369 | void DWM1000_Anchor::enableIsr():180 	|  IRQ SET 
369 | void DWM1000_Anchor::init():210 	|  device id : FFFFFFFF, part id :0, lot_id :0
371 | void DWM1000_Anchor::init():216 	|  Assertion failed eui == 0xF1F2F3F4F5F6F7F

Soft WDT reset

ctx: cont 
sp: 3fff09f0 end: 3fff0c90 offset: 01b0

>>>stack>>>
3fff0ba0:  3ffe8778 3ffe8bee 3fff10bc 402048da  
3fff0bb0:  ffffffff ffffffff 3fff10bc 402099a9  
3fff0bc0:  00000000 00000000 ffffffff 3fff0bd0  
3fff0bd0:  3fff337c 00000016 3fff2f34 0000000b  
3fff0be0:  00000000 00000000 3fff32f4 402050dc  
3fff0bf0:  00000000 3fff101c 00000000 00000000  
3fff0c00:  000000ff 3f000000 3fff227c 00000009  
3fff0c10:  3fff0fc4 3fff101c 3ffefc58 4020737a  
3fff0c20:  000000ff 3ffe8718 3fff334c 3fff0d9e  
3fff0c30:  3fff0d9d 3fff0d9a 3fff0d9b 40202be7  
3fff0c40:  00000000 00000000 feefeffe feefeffe  
3fff0c50:  3fff334c feefeffe feefeffe 3ffefc60  
3fff0c60:  3fffdad0 00000000 3ffefc58 40202c04  
3fff0c70:  3fffdad0 00000000 3ffefc58 402027c4  
3fff0c80:  feefeffe feefeffe 3ffefc70 40100114  
<<<stack<<<

 ets Jan  8 2013,rst cause:2, boot mode:(3,6)

load 0x4010f000, len 1384, room 16 
tail 8
chksum 0x2d
csum 0x2d
v00000000
~ld
ø

 Started ....
306 | static void Actor::setup():149 	|  CborQueue 3FFF1E14:0 
306 | Tcp::Tcp():19 	| this : 3FFF233C 
306 | TcpClient::TcpClient(const char*, uint16_t):469 	| ctor : 3FFF233C 
312 | virtual void Actor::onReceive(Header, Cbor&):193 	|  Default handler event ? Dummy => INIT => Dummy
322 | virtual void MqttPublisher::onReceive(Header, Cbor&):295 	| DISCONNECTED
328 | void DWM1000_Anchor::init():198 	| HSPI
332 | void DWM1000_Anchor::init():201 	|  IRQ pin : 0 
337 | void DWM1000_Anchor::initSpi():188 	| Init SPI 
362 | void DWM1000_Anchor::enableIsr():180 	|  IRQ SET 
362 | void DWM1000_Anchor::init():210 	|  device id : FFFFFFFF, part id :0, lot_id :0
363 | void DWM1000_Anchor::init():216 	|  Assertion failed eui == 0xF1F2F3F4F5F6F7F

Soft WDT reset

ctx: cont 
sp: 3fff09f0 end: 3fff0c90 offset: 01b0

>>>stack>>>
3fff0ba0:  3ffe8778 3ffe8bee 3fff10bc 402048da  
3fff0bb0:  ffffffff ffffffff 3fff10bc 402099a9  
3fff0bc0:  00000000 00000000 ffffffff 3fff0bd0  
3fff0bd0:  3fff337c 00000016 3fff2f34 0000000b  
3fff0be0:  00000000 00000000 3fff32f4 402050dc  
3fff0bf0:  00000000 3fff101c 00000000 00000000  
3fff0c00:  000000ff 3f000000 3fff227c 00000009  
3fff0c10:  3fff0fc4 3fff101c 3ffefc58 4020737a  
3fff0c20:  000000ff 3ffe8718 3fff334c 3fff0d9e  
3fff0c30:  3fff0d9d 3fff0d9a 3fff0d9b 40202be7  
3fff0c40:  00000000 00000000 feefeffe feefeffe  
3fff0c50:  3fff334c feefeffe feefeffe 3ffefc60  
3fff0c60:  3fffdad0 00000000 3ffefc58 40202c04  
3fff0c70:  3fffdad0 00000000 3ffefc58 402027c4  
3fff0c80:  feefeffe feefeffe 3ffefc70 40100114  
<<<stack<<<

 ets Jan  8 2013,rst cause:2, boot mode:(3,6)

load 0x4010f000, len 1384, room 16 
tail 8
chksum 0x2d
csum 0x2d
v00000000
~ld
ø

 Started ....
312 | static void Actor::setup():149 	|  CborQueue 3FFF1E14:0 
312 | Tcp::Tcp():19 	| this : 3FFF233C 
312 | TcpClient::TcpClient(const char*, uint16_t):469 	| ctor : 3FFF233C 
318 | virtual void Actor::onReceive(Header, Cbor&):193 	|  Default handler event ? Dummy => INIT => Dummy
328 | virtual void MqttPublisher::onReceive(Header, Cbor&):295 	| DISCONNECTED
334 | void DWM1000_Anchor::init():198 	| HSPI
338 | void DWM1000_Anchor::init():201 	|  IRQ pin : 0 
343 | void DWM1000_Anchor::initSpi():188 	| Init SPI 
368 | void DWM1000_Anchor::enableIsr():180 	|  IRQ SET 
368 | void DWM1000_Anchor::init():210 	|  device id : FFFFFFFF, part id :0, lot_id :0
370 | void DWM1000_Anchor::init():216 	|  Assertion failed eui == 0xF1F2F3F4F5F6F7F

Soft WDT reset

ctx: cont 
sp: 3fff09f0 end: 3fff0c90 offset: 01b0

>>>stack>>>
3fff0ba0:  3ffe8778 3ffe8bee 3fff10bc 402048da  
3fff0bb0:  ffffffff ffffffff 3fff10bc 402099a9  
3fff0bc0:  00000000 00000000 ffffffff 3fff0bd0  
3fff0bd0:  3fff337c 00000016 3fff2f34 0000000b  
3fff0be0:  00000000 00000000 3fff32f4 402050dc  
3fff0bf0:  00000000 3fff101c 00000000 00000000  
3fff0c00:  000000ff 3f000000 3fff227c 00000009  
3fff0c10:  3fff0fc4 3fff101c 3ffefc58 4020737a  
3fff0c20:  000000ff 3ffe8718 3fff334c 3fff0d9e  
3fff0c30:  3fff0d9d 3fff0d9a 3fff0d9b 40202be7  
3fff0c40:  00000000 00000000 feefeffe feefeffe  
3fff0c50:  3fff334c feefeffe feefeffe 3ffefc60  
3fff0c60:  3fffdad0 00000000 3ffefc58 40202c04  
3fff0c70:  3fffdad0 00000000 3ffefc58 402027c4  
3fff0c80:  feefeffe feefeffe 3ffefc70 40100114  
<<<stack<<<

 ets Jan  8 2013,rst cause:2, boot mode:(3,6)

load 0x4010f000, len 1384, room 16 
tail 8
chksum 0x2d
csum 0x2d
v00000000
~ld
ø

 Started ....
309 | static void Actor::setup():149 	|  CborQueue 3FFF1E14:0 
310 | Tcp::Tcp():19 	| this : 3FFF233C 
310 | TcpClient::TcpClient(const char*, uint16_t):469 	| ctor : 3FFF233C 
316 | virtual void Actor::onReceive(Header, Cbor&):193 	|  Default handler event ? Dummy => INIT => Dummy
326 | virtual void MqttPublisher::onReceive(Header, Cbor&):295 	| DISCONNECTED
331 | void DWM1000_Anchor::init():198 	| HSPI
335 | void DWM1000_Anchor::init():201 	|  IRQ pin : 0 
340 | void DWM1000_Anchor::initSpi():188 	| Init SPI 
365 | void DWM1000_Anchor::enableIsr():180 	|  IRQ SET 
366 | void DWM1000_Anchor::init():210 	|  device id : FFFFFFFF, part id :0, lot_id :0
367 | void DWM1000_Anchor::init():216 	|  Assertion failed eui == 0xF1F2F3F4F5F6F7F

Soft WDT reset

ctx: cont 
sp: 3fff09f0 end: 3fff0c90 offset: 01b0

>>>stack>>>
3fff0ba0:  3ffe8778 3ffe8bee 3fff10bc 402048da  
3fff0bb0:  ffffffff ffffffff 3fff10bc 402099a9  
3fff0bc0:  00000000 00000000 ffffffff 3fff0bd0  
3fff0bd0:  3fff337c 00000016 3fff2f34 0000000b  
3fff0be0:  00000000 00000000 3fff32f4 402050dc  
3fff0bf0:  00000000 3fff101c 00000000 00000000  
3fff0c00:  000000ff 3f000000 3fff227c 00000009  
3fff0c10:  3fff0fc4 3fff101c 3ffefc58 4020737a  
3fff0c20:  000000ff 3ffe8718 3fff334c 3fff0d9e  
3fff0c30:  3fff0d9d 3fff0d9a 3fff0d9b 40202be7  
3fff0c40:  00000000 00000000 feefeffe feefeffe  
3fff0c50:  3fff334c feefeffe feefeffe 3ffefc60  
3fff0c60:  3fffdad0 00000000 3ffefc58 40202c04  
3fff0c70:  3fffdad0 00000000 3ffefc58 402027c4  
3fff0c80:  feefeffe feefeffe 3ffefc70 40100114  
<<<stack<<<

 ets Jan  8 2013,rst cause:2, boot mode:(3,6)

load 0x4010f000, len 1384, room 16 
tail 8
chksum 0x2d
csum 0x2d
v00000000
~ld
ø

 Started ....
311 | static void Actor::setup():149 	|  CborQueue 3FFF1E14:0 
312 | Tcp::Tcp():19 	| this : 3FFF233C 
312 | TcpClient::TcpClient(const char*, uint16_t):469 	| ctor : 3FFF233C 
318 | virtual void Actor::onReceive(Header, Cbor&):193 	|  Default handler event ? Dummy => INIT => Dummy
328 | virtual void MqttPublisher::onReceive(Header, Cbor&):295 	| DISCONNECTED
334 | void DWM1000_Anchor::init():198 	| HSPI
338 | void DWM1000_Anchor::init():201 	|  IRQ pin : 0 
342 | void DWM1000_Anchor::initSpi():188 	| Init SPI 
367 | void DWM1000_Anchor::enableIsr():180 	|  IRQ SET 
368 | void DWM1000_Anchor::init():210 	|  device id : FFFFFFFF, part id :0, lot_id :0
369 | void DWM1000_Anchor::init():216 	|  Assertion failed eui == 0xF1F2F3F4F5F6F7F

Soft WDT reset

ctx: cont 
sp: 3fff09f0 end: 3fff0c90 offset: 01b0

>>>stack>>>
3fff0ba0:  3ffe8778 3ffe8bee 3fff10bc 402048da  
3fff0bb0:  ffffffff ffffffff 3fff10bc 402099a9  
3fff0bc0:  00000000 00000000 ffffffff 3fff0bd0  
3fff0bd0:  3fff337c 00000016 3fff2f34 0000000b  
3fff0be0:  00000000 00000000 3fff32f4 402050dc  
3fff0bf0:  00000000 3fff101c 00000000 00000000  
3fff0c00:  000000ff 3f000000 3fff227c 00000009  
3fff0c10:  3fff0fc4 3fff101c 3ffefc58 4020737a  
3fff0c20:  000000ff 3ffe8718 3fff334c 3fff0d9e  
3fff0c30:  3fff0d9d 3fff0d9a 3fff0d9b 40202be7  
3fff0c40:  00000000 00000000 feefeffe feefeffe  
3fff0c50:  3fff334c feefeffe feefeffe 3ffefc60  
3fff0c60:  3fffdad0 00000000 3ffefc58 40202c04  
3fff0c70:  3fffdad0 00000000 3ffefc58 402027c4  
3fff0c80:  feefeffe feefeffe 3ffefc70 40100114  
<<<stack<<<

 ets Jan  8 2013,rst cause:2, boot mode:(3,6)

load 0x4010f000, len 1384, room 16 
tail 8
chksum 0x2d
csum 0x2d
v00000000
~ld
ø

 Started ....
305 | static void Actor::setup():149 	|  CborQueue 3FFF1E14:0 
306 | Tcp::Tcp():19 	| this : 3FFF233C 
306 | TcpClient::TcpClient(const char*, uint16_t):469 	| ctor : 3FFF233C 
312 | virtual void Actor::onReceive(Header, Cbor&):193 	|  Default handler event ? Dummy => INIT => Dummy
322 | virtual void MqttPublisher::onReceive(Header, Cbor&):295 	| DISCONNECTED
328 | void DWM1000_Anchor::init():198 	| HSPI
332 | void DWM1000_Anchor::init():201 	|  IRQ pin : 0 
336 | void DWM1000_Anchor::initSpi():188 	| Init SPI 
361 | void DWM1000_Anchor::enableIsr():180 	|  IRQ SET 
362 | void DWM1000_Anchor::init():210 	|  device id : FFFFFFFF, part id :0, lot_id :0
363 | void DWM1000_Anchor::init():216 	|  Assertion failed eui == 0xF1F2F3F4F5F6F7F
      2323 | ../wifi/Wifi.cpp  dispatch           | STATION_IDLE
      3343 | ../wifi/Wifi.cpp  dispatch           | STATION_IDLE
scandone

WATCHDOG
@(#):STACK_START 0x3FFFF930
@(#):3FFFF940:4000B25D
@(#):3FFFF960:4000AD5F
@(#):3FFFFA30:4000B570
@(#):3FFFFA50:4000A37C
@(#):3FFFFAD0:4000B5F9
@(#):3FFFFB20:59434264
@(#):3FFFFB50:4000B6C4
@(#):3FFFFB60:4000B5F1
@(#):3FFFFB70:4000A320
@(#):3FFFFBB0:577B5853
@(#):3FFFFBC0:5A575859
@(#):3FFFFBF0:4000B9AB
@(#):3FFFFC20:4000B804
@(#):3FFFFC30:40535F7A
@(#):3FFFFC80:5C5C5C5C
@(#):3FFFFCF0:4000B7EB
@(#):3FFFFD10:4000B7FA
@(#):3FFFFDD0:4022CB7E
@(#):3FFFFE20:4022DA79
@(#):3FFFFE40:4021D5EC
@(#):3FFFFE50:4010108B
@(#):3FFFFE70:4021CD49
@(#):3FFFFE90:4021D594
@(#):3FFFFEA0:4021D4D0
@(#):3FFFFEB0:40000F68
@(#):3FFFFEC0:40000F58
@(#):3FFFFF30:4021B27B
@(#):3FFFFF40:4021B047
@(#):3FFFFF60:4021B4F4
@(#):3FFFFF70:4020431D
@(#):3FFFFF80:40204362
@(#):3FFFFFA0:40000F49
@(#):3FFFFFB0:40000E19
@(#):3FFFFFC0:40001100
@(#):3FFFFFD0:40100276
@(#):3FFFFFE0:4010000D
@(#):3FFFFFF0:4000044C
@(#):STACK_END
state: 0 -> 2 (b0)
state: 2 -> 3 (0)
state: 3 -> 5 (10)
add 0
aid 6
cnt 
      4356 | ../wifi/Wifi.cpp  dispatch           | STATION_IDLE
      5376 | ../wifi/Wifi.cpp  dispatch           | STATION_IDLE
      6396 | ../wifi/Wifi.cpp  dispatch           | STATION_IDLE
      7417 | ../wifi/Wifi.cpp  dispatch           | STATION_IDLE

connected with Merckx, channel 11
dhcp client start...
      8437 | ../wifi/Wifi.cpp  dispatch           | STATION_IDLE
      9457 | ../wifi/Wifi.cpp  dispatch           | STATION_IDLE
     10477 | ../wifi/Wifi.cpp  dispatch           | STATION_IDLE
ip:192.168.0.229,mask:255.255.255.0,gw:192.168.0.1
     11496 | ../wifi/Wifi.cpp  dispatch           | IP Address : 192.168.0.229
     11507 | ../wifi/Wifi.cpp  dispatch           | CONNECTED
     11518 | ../wifi/Tcp.cpp   dispatch           | TcpServer started. 3fff1fd8
     11529 | ../wifi/Tcp.cpp   logConn            |  registerCb - tcp :  3fff1fd8  , ip : 0.0.0.0:0  
     11540 | ../wifi/Tcp.cpp   logConn            |  listen - tcp :  3fff1fd8  , ip : 0.0.0.0:0  
     11550 | ../wifi/Tcp.cpp   dispatch           | Tcp started. 3fff2288
     13557 | ../wifi/Tcp.cpp   listTcp            | / 3FFF1FD8:3FFF2228 0 1/ 3FFF2288:0 2 0
